<?xml version="1.0" encoding="UTF-8"?>
<testng-results ignored="0" total="1" passed="1" failed="0" skipped="0">
  <reporter-output>
  </reporter-output>
  <suite started-at="2022-06-04T14:23:45Z" name="com.example.NavigationTest" finished-at="2022-06-04T14:23:45Z" duration-ms="21">
    <groups>
    </groups>
    <test started-at="2022-06-04T14:23:45Z" name="Command line test" finished-at="2022-06-04T14:23:45Z" duration-ms="21">
      <class name="com.example.NavigationTest">
        <test-method is-config="true" signature="beforeMethod()[pri:0, instance:com.example.NavigationTest@be64738]" started-at="2022-06-04T19:53:45Z" name="beforeMethod" finished-at="2022-06-04T19:53:45Z" duration-ms="5" status="PASS">
          <reporter-output>
          </reporter-output>
        </test-method> <!-- beforeMethod -->
        <test-method signature="f()[pri:0, instance:com.example.NavigationTest@be64738]" started-at="2022-06-04T19:53:45Z" name="f" finished-at="2022-06-04T19:53:45Z" duration-ms="1" status="PASS">
          <reporter-output>
          </reporter-output>
        </test-method> <!-- f -->
        <test-method is-config="true" signature="afterMethod()[pri:0, instance:com.example.NavigationTest@be64738]" started-at="2022-06-04T19:53:45Z" name="afterMethod" finished-at="2022-06-04T19:53:45Z" duration-ms="0" status="PASS">
          <reporter-output>
          </reporter-output>
        </test-method> <!-- afterMethod -->
      </class> <!-- com.example.NavigationTest -->
    </test> <!-- Command line test -->
  </suite> <!-- com.example.NavigationTest -->
</testng-results>
