<?xml version="1.0" encoding="UTF-8"?>
<testng-results ignored="0" total="1" passed="1" failed="0" skipped="0">
  <reporter-output>
  </reporter-output>
  <suite started-at="2022-06-04T14:25:02Z" name="Default suite" finished-at="2022-06-04T14:25:02Z" duration-ms="26">
    <groups>
    </groups>
    <test started-at="2022-06-04T14:25:02Z" name="Default test" finished-at="2022-06-04T14:25:02Z" duration-ms="26">
      <class name="com.example.NavigationTest">
        <test-method is-config="true" signature="beforeMethod()[pri:0, instance:com.example.NavigationTest@479ceda0]" started-at="2022-06-04T19:55:02Z" name="beforeMethod" finished-at="2022-06-04T19:55:02Z" duration-ms="5" status="PASS">
          <reporter-output>
          </reporter-output>
        </test-method> <!-- beforeMethod -->
        <test-method signature="f()[pri:0, instance:com.example.NavigationTest@479ceda0]" started-at="2022-06-04T19:55:02Z" name="f" finished-at="2022-06-04T19:55:02Z" duration-ms="6" status="PASS">
          <reporter-output>
          </reporter-output>
        </test-method> <!-- f -->
        <test-method is-config="true" signature="afterMethod()[pri:0, instance:com.example.NavigationTest@479ceda0]" started-at="2022-06-04T19:55:02Z" name="afterMethod" finished-at="2022-06-04T19:55:02Z" duration-ms="1" status="PASS">
          <reporter-output>
          </reporter-output>
        </test-method> <!-- afterMethod -->
      </class> <!-- com.example.NavigationTest -->
    </test> <!-- Default test -->
  </suite> <!-- Default suite -->
</testng-results>
